Using pre-set license
Built from '2021.1/staging' branch; Version is '2021.1.6f1 (c0fade0cc7e9) revision 12647134'; Using compiler version '192528614'; Build Type 'Release'
OS: 'Windows 8.1  (6.3.0) 64bit' Language: 'en' Physical Memory: 16340 MB
BatchMode: 1, IsHumanControllingUs: 0, StartBugReporterOnCrash: 0, Is64bit: 1, IsPro: 0

 COMMAND LINE ARGUMENTS:
C:\Program Files (x86)\2021.1.6f1\Editor\Unity.exe
-adb2
-batchMode
-noUpm
-name
AssetImportWorker0
-projectPath
C:/Teraphobia
-logFile
Logs/AssetImportWorker0.log
-srvPort
59709
Successfully changed project path to: C:/Teraphobia
C:/Teraphobia
Using Asset Import Pipeline V2.
Refreshing native plugins compatible for Editor in 196.59 ms, found 4 plugins.
Preloading 0 native plugins for Editor in 0.00 ms.
Initialize engine version: 2021.1.6f1 (c0fade0cc7e9)
[Subsystems] Discovering subsystems at path C:/Program Files (x86)/2021.1.6f1/Editor/Data/Resources/UnitySubsystems
[Subsystems] Discovering subsystems at path C:/Teraphobia/Assets
GfxDevice: creating device client; threaded=0; jobified=0
d3d11: QueryInterface(IDXGIFactory5) failed (80004002).
Direct3D:
    Version:  Direct3D 11.0 [level 11.0]
    Renderer: NVIDIA GeForce GTX 750 Ti (ID=0x1380)
    Vendor:   NVIDIA
    VRAM:     1951 MB
    Driver:   27.21.14.6647
Shader 'Universal Render Pipeline/Particles/Lit': fallback shader 'Universal Render Pipeline/Particles/SimpleLit' not found
Initialize mono
Mono path[0] = 'C:/Program Files (x86)/2021.1.6f1/Editor/Data/Managed'
Mono path[1] = 'C:/Program Files (x86)/2021.1.6f1/Editor/Data/MonoBleedingEdge/lib/mono/unityjit'
Mono config path = 'C:/Program Files (x86)/2021.1.6f1/Editor/Data/MonoBleedingEdge/etc'
Using monoOptions --debugger-agent=transport=dt_socket,embedding=1,server=y,suspend=n,address=127.0.0.1:56908
Begin MonoManager ReloadAssembly
Registering precompiled unity dll's ...
Register platform support module: C:/Program Files (x86)/2021.1.6f1/Editor/Data/PlaybackEngines/WindowsStandaloneSupport/UnityEditor.WindowsStandalone.Extensions.dll
Registered in 0.002591 seconds.
Native extension for WindowsStandalone target not found
Refreshing native plugins compatible for Editor in 201.40 ms, found 4 plugins.
Preloading 0 native plugins for Editor in 0.00 ms.
Mono: successfully reloaded assembly
- Completed reload, in  1.684 seconds
Platform modules already initialized, skipping
Registering precompiled user dll's ...
Registered in 0.013544 seconds.
Begin MonoManager ReloadAssembly
Symbol file LoadedFromMemory doesn't match image C:\Teraphobia\Library\PackageCache\com.unity.visualscripting@1.6.1\Editor\VisualScripting.Core\Dependencies\YamlDotNet\Unity.VisualScripting.YamlDotNet.dll
Symbol file LoadedFromMemory doesn't match image C:\Teraphobia\Library\PackageCache\com.unity.visualscripting@1.6.1\Editor\VisualScripting.Core\Dependencies\DotNetZip\Unity.VisualScripting.IonicZip.dll
Native extension for WindowsStandalone target not found
Refreshing native plugins compatible for Editor in 196.48 ms, found 4 plugins.
Preloading 0 native plugins for Editor in 0.00 ms.
Mono: successfully reloaded assembly
- Completed reload, in  2.110 seconds
Platform modules already initialized, skipping
========================================================================
Worker process is ready to serve import requests
Shader 'Universal Render Pipeline/Particles/Lit': fallback shader 'Universal Render Pipeline/Particles/SimpleLit' not found
Launched and connected shader compiler UnityShaderCompiler.exe after 0.05 seconds
Refreshing native plugins compatible for Editor in 1.18 ms, found 4 plugins.
Preloading 0 native plugins for Editor in 0.00 ms.
Unloading 5032 Unused Serialized files (Serialized files now loaded: 0)
System memory in use before: 193.3 MB.
System memory in use after: 193.6 MB.

Unloading 37 unused Assets to reduce memory usage. Loaded Objects now: 5483.
Total: 3.995039 ms (FindLiveObjects: 0.407218 ms CreateObjectMapping: 0.230757 ms MarkObjects: 3.170671 ms  DeleteObjects: 0.184738 ms)

========================================================================
Received Import Request.
  path: Assets/Scenes/LevelLayout#2.unity
  artifactKey: Guid(adce60c71b04f8246b70b40a9c5229ee) Importer(815301076,1909f56bfc062723c751e8b465ee728b)
Start importing Assets/Scenes/LevelLayout#2.unity using Guid(adce60c71b04f8246b70b40a9c5229ee) Importer(815301076,1909f56bfc062723c751e8b465ee728b)  -> (artifact id: '86964dd772dd7fd122551a8dcb1886f0') in 0.029367 seconds 
========================================================================
Received Prepare
Registering precompiled user dll's ...
Registered in 0.012389 seconds.
Begin MonoManager ReloadAssembly
Symbol file LoadedFromMemory doesn't match image C:\Teraphobia\Library\PackageCache\com.unity.visualscripting@1.6.1\Editor\VisualScripting.Core\Dependencies\YamlDotNet\Unity.VisualScripting.YamlDotNet.dll
Symbol file LoadedFromMemory doesn't match image C:\Teraphobia\Library\PackageCache\com.unity.visualscripting@1.6.1\Editor\VisualScripting.Core\Dependencies\DotNetZip\Unity.VisualScripting.IonicZip.dll
Native extension for WindowsStandalone target not found
Refreshing native plugins compatible for Editor in 1.24 ms, found 4 plugins.
Preloading 0 native plugins for Editor in 0.00 ms.
Mono: successfully reloaded assembly
- Completed reload, in  1.739 seconds
Platform modules already initialized, skipping
Shader 'Universal Render Pipeline/Particles/Lit': fallback shader 'Universal Render Pipeline/Particles/SimpleLit' not found
Refreshing native plugins compatible for Editor in 1.27 ms, found 4 plugins.
Preloading 0 native plugins for Editor in 0.00 ms.
Unloading 4907 Unused Serialized files (Serialized files now loaded: 0)
System memory in use before: 185.0 MB.
System memory in use after: 185.3 MB.

Unloading 26 unused Assets to reduce memory usage. Loaded Objects now: 5487.
Total: 4.222816 ms (FindLiveObjects: 0.418474 ms CreateObjectMapping: 0.239365 ms MarkObjects: 3.415333 ms  DeleteObjects: 0.147989 ms)

========================================================================
Received Import Request.
  Time since last request: 150.023822 seconds.
  path: Assets/Scenes/IntroCutscenes/HowToPlay.unity
  artifactKey: Guid(b8a0805115b1d854eb074e262b2f48d9) Importer(815301076,1909f56bfc062723c751e8b465ee728b)
Start importing Assets/Scenes/IntroCutscenes/HowToPlay.unity using Guid(b8a0805115b1d854eb074e262b2f48d9) Importer(815301076,1909f56bfc062723c751e8b465ee728b)  -> (artifact id: 'abb325c63f2573cd5d73217f17a9c93a') in 0.038271 seconds 
========================================================================
Received Prepare
Registering precompiled user dll's ...
Registered in 0.013056 seconds.
Begin MonoManager ReloadAssembly
Symbol file LoadedFromMemory doesn't match image C:\Teraphobia\Library\PackageCache\com.unity.visualscripting@1.6.1\Editor\VisualScripting.Core\Dependencies\YamlDotNet\Unity.VisualScripting.YamlDotNet.dll
Symbol file LoadedFromMemory doesn't match image C:\Teraphobia\Library\PackageCache\com.unity.visualscripting@1.6.1\Editor\VisualScripting.Core\Dependencies\DotNetZip\Unity.VisualScripting.IonicZip.dll
Native extension for WindowsStandalone target not found
Refreshing native plugins compatible for Editor in 1.24 ms, found 4 plugins.
Preloading 0 native plugins for Editor in 0.00 ms.
Mono: successfully reloaded assembly
- Completed reload, in  1.729 seconds
Platform modules already initialized, skipping
Shader 'Universal Render Pipeline/Particles/Lit': fallback shader 'Universal Render Pipeline/Particles/SimpleLit' not found
Refreshing native plugins compatible for Editor in 1.24 ms, found 4 plugins.
Preloading 0 native plugins for Editor in 0.00 ms.
Unloading 4907 Unused Serialized files (Serialized files now loaded: 0)
System memory in use before: 185.1 MB.
System memory in use after: 185.4 MB.

Unloading 26 unused Assets to reduce memory usage. Loaded Objects now: 5491.
Total: 4.539321 ms (FindLiveObjects: 0.509519 ms CreateObjectMapping: 0.239696 ms MarkObjects: 3.642117 ms  DeleteObjects: 0.146003 ms)

========================================================================
Received Prepare
Registering precompiled user dll's ...
Registered in 0.011670 seconds.
Begin MonoManager ReloadAssembly
Symbol file LoadedFromMemory doesn't match image C:\Teraphobia\Library\PackageCache\com.unity.visualscripting@1.6.1\Editor\VisualScripting.Core\Dependencies\YamlDotNet\Unity.VisualScripting.YamlDotNet.dll
Symbol file LoadedFromMemory doesn't match image C:\Teraphobia\Library\PackageCache\com.unity.visualscripting@1.6.1\Editor\VisualScripting.Core\Dependencies\DotNetZip\Unity.VisualScripting.IonicZip.dll
Native extension for WindowsStandalone target not found
Refreshing native plugins compatible for Editor in 1.21 ms, found 4 plugins.
Preloading 0 native plugins for Editor in 0.00 ms.
Mono: successfully reloaded assembly
- Completed reload, in  1.725 seconds
Platform modules already initialized, skipping
Shader 'Universal Render Pipeline/Particles/Lit': fallback shader 'Universal Render Pipeline/Particles/SimpleLit' not found
Refreshing native plugins compatible for Editor in 1.25 ms, found 4 plugins.
Preloading 0 native plugins for Editor in 0.00 ms.
Unloading 4907 Unused Serialized files (Serialized files now loaded: 0)
System memory in use before: 185.1 MB.
System memory in use after: 185.4 MB.

Unloading 26 unused Assets to reduce memory usage. Loaded Objects now: 5495.
Total: 4.937269 ms (FindLiveObjects: 0.561828 ms CreateObjectMapping: 0.334382 ms MarkObjects: 3.887441 ms  DeleteObjects: 0.150638 ms)

========================================================================
Received Import Request.
  Time since last request: 640.719564 seconds.
  path: Assets/Scenes/LevelLayout#2.unity
  artifactKey: Guid(adce60c71b04f8246b70b40a9c5229ee) Importer(815301076,1909f56bfc062723c751e8b465ee728b)
Start importing Assets/Scenes/LevelLayout#2.unity using Guid(adce60c71b04f8246b70b40a9c5229ee) Importer(815301076,1909f56bfc062723c751e8b465ee728b)  -> (artifact id: 'e5b45fbcf08ab302e6a174ac1dd8eebc') in 0.027626 seconds 
========================================================================
Received Prepare
Registering precompiled user dll's ...
Registered in 0.012864 seconds.
Begin MonoManager ReloadAssembly
Symbol file LoadedFromMemory doesn't match image C:\Teraphobia\Library\PackageCache\com.unity.visualscripting@1.6.1\Editor\VisualScripting.Core\Dependencies\YamlDotNet\Unity.VisualScripting.YamlDotNet.dll
Symbol file LoadedFromMemory doesn't match image C:\Teraphobia\Library\PackageCache\com.unity.visualscripting@1.6.1\Editor\VisualScripting.Core\Dependencies\DotNetZip\Unity.VisualScripting.IonicZip.dll
Native extension for WindowsStandalone target not found
Refreshing native plugins compatible for Editor in 1.28 ms, found 4 plugins.
Preloading 0 native plugins for Editor in 0.00 ms.
Mono: successfully reloaded assembly
- Completed reload, in  1.788 seconds
Platform modules already initialized, skipping
Shader 'Universal Render Pipeline/Particles/Lit': fallback shader 'Universal Render Pipeline/Particles/SimpleLit' not found
Refreshing native plugins compatible for Editor in 1.29 ms, found 4 plugins.
Preloading 0 native plugins for Editor in 0.00 ms.
Unloading 4907 Unused Serialized files (Serialized files now loaded: 0)
System memory in use before: 185.2 MB.
System memory in use after: 185.5 MB.

Unloading 26 unused Assets to reduce memory usage. Loaded Objects now: 5499.
Total: 5.555379 ms (FindLiveObjects: 0.423771 ms CreateObjectMapping: 0.242344 ms MarkObjects: 4.741274 ms  DeleteObjects: 0.146003 ms)

========================================================================
Received Import Request.
  Time since last request: 157.161723 seconds.
  path: Assets/Scenes/CreditsMenu.unity
  artifactKey: Guid(778837e92a6ad664080a2687cf5427b3) Importer(815301076,1909f56bfc062723c751e8b465ee728b)
Start importing Assets/Scenes/CreditsMenu.unity using Guid(778837e92a6ad664080a2687cf5427b3) Importer(815301076,1909f56bfc062723c751e8b465ee728b)  -> (artifact id: '39b3d470a440bc0b5a12e47aacfd7463') in 0.028232 seconds 
========================================================================
Received Import Request.
  Time since last request: 764.614476 seconds.
  path: Assets/Scenes/CreditsAudioMenu.unity
  artifactKey: Guid(347389e9d46b40345ac5514068e94d88) Importer(815301076,1909f56bfc062723c751e8b465ee728b)
Start importing Assets/Scenes/CreditsAudioMenu.unity using Guid(347389e9d46b40345ac5514068e94d88) Importer(815301076,1909f56bfc062723c751e8b465ee728b)  -> (artifact id: '4454cdf52a8842a346521b2ba0238442') in 0.009492 seconds 
========================================================================
Received Import Request.
  Time since last request: 49.596698 seconds.
  path: Assets/Scenes/CreditsMenu.unity
  artifactKey: Guid(778837e92a6ad664080a2687cf5427b3) Importer(815301076,1909f56bfc062723c751e8b465ee728b)
Start importing Assets/Scenes/CreditsMenu.unity using Guid(778837e92a6ad664080a2687cf5427b3) Importer(815301076,1909f56bfc062723c751e8b465ee728b)  -> (artifact id: '153cad481ea3fbea9a64a51ebaadcc6a') in 0.009945 seconds 
========================================================================
Received Import Request.
  Time since last request: 38.164227 seconds.
  path: Assets/Scenes/CreditsAudioMenu.unity
  artifactKey: Guid(347389e9d46b40345ac5514068e94d88) Importer(815301076,1909f56bfc062723c751e8b465ee728b)
Start importing Assets/Scenes/CreditsAudioMenu.unity using Guid(347389e9d46b40345ac5514068e94d88) Importer(815301076,1909f56bfc062723c751e8b465ee728b)  -> (artifact id: '24d9ebc259d18a733cebcfd9972eb09a') in 0.008394 seconds 
========================================================================
Received Prepare
Registering precompiled user dll's ...
Registered in 0.015386 seconds.
Begin MonoManager ReloadAssembly
Symbol file LoadedFromMemory doesn't match image C:\Teraphobia\Library\PackageCache\com.unity.visualscripting@1.6.1\Editor\VisualScripting.Core\Dependencies\YamlDotNet\Unity.VisualScripting.YamlDotNet.dll
Symbol file LoadedFromMemory doesn't match image C:\Teraphobia\Library\PackageCache\com.unity.visualscripting@1.6.1\Editor\VisualScripting.Core\Dependencies\DotNetZip\Unity.VisualScripting.IonicZip.dll
Native extension for WindowsStandalone target not found
Refreshing native plugins compatible for Editor in 1.27 ms, found 4 plugins.
Preloading 0 native plugins for Editor in 0.00 ms.
Mono: successfully reloaded assembly
- Completed reload, in  1.819 seconds
Platform modules already initialized, skipping
Shader 'Universal Render Pipeline/Particles/Lit': fallback shader 'Universal Render Pipeline/Particles/SimpleLit' not found
Refreshing native plugins compatible for Editor in 7.75 ms, found 4 plugins.
Preloading 0 native plugins for Editor in 0.00 ms.
Unloading 4907 Unused Serialized files (Serialized files now loaded: 0)
System memory in use before: 185.0 MB.
System memory in use after: 185.3 MB.

Unloading 26 unused Assets to reduce memory usage. Loaded Objects now: 5503.
Total: 4.209905 ms (FindLiveObjects: 0.429400 ms CreateObjectMapping: 0.245655 ms MarkObjects: 3.387523 ms  DeleteObjects: 0.145671 ms)

========================================================================
Received Import Request.
  Time since last request: 614.168157 seconds.
  path: Assets/Scenes/CreditsMenu.unity
  artifactKey: Guid(778837e92a6ad664080a2687cf5427b3) Importer(815301076,1909f56bfc062723c751e8b465ee728b)
Start importing Assets/Scenes/CreditsMenu.unity using Guid(778837e92a6ad664080a2687cf5427b3) Importer(815301076,1909f56bfc062723c751e8b465ee728b)  -> (artifact id: '55fe85c36d5977ba811a3e906105e181') in 0.022873 seconds 
========================================================================
Received Import Request.
  Time since last request: 43.518353 seconds.
  path: Assets/Scenes/CreditsAudioMenu.unity
  artifactKey: Guid(347389e9d46b40345ac5514068e94d88) Importer(815301076,1909f56bfc062723c751e8b465ee728b)
Start importing Assets/Scenes/CreditsAudioMenu.unity using Guid(347389e9d46b40345ac5514068e94d88) Importer(815301076,1909f56bfc062723c751e8b465ee728b)  -> (artifact id: 'a5398ef58b0628d82f8482bf02d5fdf5') in 0.011878 seconds 
========================================================================
Received Prepare
Registering precompiled user dll's ...
Registered in 0.012284 seconds.
Begin MonoManager ReloadAssembly
Symbol file LoadedFromMemory doesn't match image C:\Teraphobia\Library\PackageCache\com.unity.visualscripting@1.6.1\Editor\VisualScripting.Core\Dependencies\YamlDotNet\Unity.VisualScripting.YamlDotNet.dll
Symbol file LoadedFromMemory doesn't match image C:\Teraphobia\Library\PackageCache\com.unity.visualscripting@1.6.1\Editor\VisualScripting.Core\Dependencies\DotNetZip\Unity.VisualScripting.IonicZip.dll
Native extension for WindowsStandalone target not found
Refreshing native plugins compatible for Editor in 1.18 ms, found 4 plugins.
Preloading 0 native plugins for Editor in 0.00 ms.
Mono: successfully reloaded assembly
- Completed reload, in  1.756 seconds
Platform modules already initialized, skipping
Shader 'Universal Render Pipeline/Particles/Lit': fallback shader 'Universal Render Pipeline/Particles/SimpleLit' not found
Refreshing native plugins compatible for Editor in 1.23 ms, found 4 plugins.
Preloading 0 native plugins for Editor in 0.00 ms.
Unloading 4907 Unused Serialized files (Serialized files now loaded: 0)
System memory in use before: 185.2 MB.
System memory in use after: 185.5 MB.

Unloading 26 unused Assets to reduce memory usage. Loaded Objects now: 5507.
Total: 4.427087 ms (FindLiveObjects: 0.541633 ms CreateObjectMapping: 0.299289 ms MarkObjects: 3.425927 ms  DeleteObjects: 0.158252 ms)

========================================================================
Received Import Request.
  Time since last request: 36.740284 seconds.
  path: Assets/Scenes/CreditsMenu.unity
  artifactKey: Guid(778837e92a6ad664080a2687cf5427b3) Importer(815301076,1909f56bfc062723c751e8b465ee728b)
Start importing Assets/Scenes/CreditsMenu.unity using Guid(778837e92a6ad664080a2687cf5427b3) Importer(815301076,1909f56bfc062723c751e8b465ee728b)  -> (artifact id: 'c46cc0ca4a73c6a711317994dd76c2d0') in 0.029390 seconds 
========================================================================
Received Prepare
Registering precompiled user dll's ...
Registered in 0.012440 seconds.
Begin MonoManager ReloadAssembly
Symbol file LoadedFromMemory doesn't match image C:\Teraphobia\Library\PackageCache\com.unity.visualscripting@1.6.1\Editor\VisualScripting.Core\Dependencies\YamlDotNet\Unity.VisualScripting.YamlDotNet.dll
Symbol file LoadedFromMemory doesn't match image C:\Teraphobia\Library\PackageCache\com.unity.visualscripting@1.6.1\Editor\VisualScripting.Core\Dependencies\DotNetZip\Unity.VisualScripting.IonicZip.dll
Native extension for WindowsStandalone target not found
Refreshing native plugins compatible for Editor in 1.18 ms, found 4 plugins.
Preloading 0 native plugins for Editor in 0.00 ms.
Mono: successfully reloaded assembly
- Completed reload, in  1.698 seconds
Platform modules already initialized, skipping
Shader 'Universal Render Pipeline/Particles/Lit': fallback shader 'Universal Render Pipeline/Particles/SimpleLit' not found
Refreshing native plugins compatible for Editor in 1.22 ms, found 4 plugins.
Preloading 0 native plugins for Editor in 0.00 ms.
Unloading 4907 Unused Serialized files (Serialized files now loaded: 0)
System memory in use before: 185.2 MB.
System memory in use after: 185.6 MB.

Unloading 26 unused Assets to reduce memory usage. Loaded Objects now: 5511.
Total: 4.460857 ms (FindLiveObjects: 0.414501 ms CreateObjectMapping: 0.249297 ms MarkObjects: 3.634502 ms  DeleteObjects: 0.160570 ms)

========================================================================
Received Import Request.
  Time since last request: 39.773367 seconds.
  path: Assets/Scenes/CreditsAudioMenu.unity
  artifactKey: Guid(347389e9d46b40345ac5514068e94d88) Importer(815301076,1909f56bfc062723c751e8b465ee728b)
Start importing Assets/Scenes/CreditsAudioMenu.unity using Guid(347389e9d46b40345ac5514068e94d88) Importer(815301076,1909f56bfc062723c751e8b465ee728b)  -> (artifact id: 'c6ef999e681b3a7c557b73215212e078') in 0.030887 seconds 
========================================================================
Received Prepare
Registering precompiled user dll's ...
Registered in 0.011949 seconds.
Begin MonoManager ReloadAssembly
Symbol file LoadedFromMemory doesn't match image C:\Teraphobia\Library\PackageCache\com.unity.visualscripting@1.6.1\Editor\VisualScripting.Core\Dependencies\YamlDotNet\Unity.VisualScripting.YamlDotNet.dll
Symbol file LoadedFromMemory doesn't match image C:\Teraphobia\Library\PackageCache\com.unity.visualscripting@1.6.1\Editor\VisualScripting.Core\Dependencies\DotNetZip\Unity.VisualScripting.IonicZip.dll
Native extension for WindowsStandalone target not found
Refreshing native plugins compatible for Editor in 1.17 ms, found 4 plugins.
Preloading 0 native plugins for Editor in 0.00 ms.
Mono: successfully reloaded assembly
- Completed reload, in  1.690 seconds
Platform modules already initialized, skipping
Shader 'Universal Render Pipeline/Particles/Lit': fallback shader 'Universal Render Pipeline/Particles/SimpleLit' not found
Refreshing native plugins compatible for Editor in 1.19 ms, found 4 plugins.
Preloading 0 native plugins for Editor in 0.00 ms.
Unloading 4907 Unused Serialized files (Serialized files now loaded: 0)
System memory in use before: 185.2 MB.
System memory in use after: 185.6 MB.

Unloading 26 unused Assets to reduce memory usage. Loaded Objects now: 5515.
Total: 4.417817 ms (FindLiveObjects: 0.441980 ms CreateObjectMapping: 0.231419 ms MarkObjects: 3.578551 ms  DeleteObjects: 0.163549 ms)

========================================================================
Received Import Request.
  Time since last request: 156.388092 seconds.
  path: Assets/Scenes/IntroCutscenes/HowToPlay.unity
  artifactKey: Guid(b8a0805115b1d854eb074e262b2f48d9) Importer(815301076,1909f56bfc062723c751e8b465ee728b)
Start importing Assets/Scenes/IntroCutscenes/HowToPlay.unity using Guid(b8a0805115b1d854eb074e262b2f48d9) Importer(815301076,1909f56bfc062723c751e8b465ee728b)  -> (artifact id: 'f7a186cc4cf2ba1bf5bea716fa74288d') in 0.033351 seconds 
========================================================================
Received Prepare
Registering precompiled user dll's ...
Registered in 0.011374 seconds.
Begin MonoManager ReloadAssembly
Symbol file LoadedFromMemory doesn't match image C:\Teraphobia\Library\PackageCache\com.unity.visualscripting@1.6.1\Editor\VisualScripting.Core\Dependencies\YamlDotNet\Unity.VisualScripting.YamlDotNet.dll
Symbol file LoadedFromMemory doesn't match image C:\Teraphobia\Library\PackageCache\com.unity.visualscripting@1.6.1\Editor\VisualScripting.Core\Dependencies\DotNetZip\Unity.VisualScripting.IonicZip.dll
Native extension for WindowsStandalone target not found
Refreshing native plugins compatible for Editor in 1.19 ms, found 4 plugins.
Preloading 0 native plugins for Editor in 0.00 ms.
Mono: successfully reloaded assembly
- Completed reload, in  1.692 seconds
Platform modules already initialized, skipping
Shader 'Universal Render Pipeline/Particles/Lit': fallback shader 'Universal Render Pipeline/Particles/SimpleLit' not found
Refreshing native plugins compatible for Editor in 1.21 ms, found 4 plugins.
Preloading 0 native plugins for Editor in 0.00 ms.
Unloading 4907 Unused Serialized files (Serialized files now loaded: 0)
System memory in use before: 185.3 MB.
System memory in use after: 185.6 MB.

Unloading 26 unused Assets to reduce memory usage. Loaded Objects now: 5519.
Total: 4.374447 ms (FindLiveObjects: 0.418805 ms CreateObjectMapping: 0.236054 ms MarkObjects: 3.566964 ms  DeleteObjects: 0.150638 ms)

========================================================================
Received Prepare
Registering precompiled user dll's ...
Registered in 0.012433 seconds.
Begin MonoManager ReloadAssembly
Symbol file LoadedFromMemory doesn't match image C:\Teraphobia\Library\PackageCache\com.unity.visualscripting@1.6.1\Editor\VisualScripting.Core\Dependencies\YamlDotNet\Unity.VisualScripting.YamlDotNet.dll
Symbol file LoadedFromMemory doesn't match image C:\Teraphobia\Library\PackageCache\com.unity.visualscripting@1.6.1\Editor\VisualScripting.Core\Dependencies\DotNetZip\Unity.VisualScripting.IonicZip.dll
Native extension for WindowsStandalone target not found
Refreshing native plugins compatible for Editor in 1.25 ms, found 4 plugins.
Preloading 0 native plugins for Editor in 0.00 ms.
Mono: successfully reloaded assembly
- Completed reload, in  1.770 seconds
Platform modules already initialized, skipping
Shader 'Universal Render Pipeline/Particles/Lit': fallback shader 'Universal Render Pipeline/Particles/SimpleLit' not found
Refreshing native plugins compatible for Editor in 1.27 ms, found 4 plugins.
Preloading 0 native plugins for Editor in 0.00 ms.
Unloading 4907 Unused Serialized files (Serialized files now loaded: 0)
System memory in use before: 185.1 MB.
System memory in use after: 185.4 MB.

Unloading 26 unused Assets to reduce memory usage. Loaded Objects now: 5523.
Total: 7.503403 ms (FindLiveObjects: 0.422778 ms CreateObjectMapping: 0.235723 ms MarkObjects: 6.686650 ms  DeleteObjects: 0.155935 ms)

========================================================================
Received Prepare
Shader 'Universal Render Pipeline/Particles/Lit': fallback shader 'Universal Render Pipeline/Particles/SimpleLit' not found
Refreshing native plugins compatible for Editor in 12.02 ms, found 4 plugins.
Preloading 0 native plugins for Editor in 0.00 ms.
Unloading 24 Unused Serialized files (Serialized files now loaded: 0)
System memory in use before: 88.4 MB.
System memory in use after: 88.7 MB.

Unloading 24 unused Assets to reduce memory usage. Loaded Objects now: 5523.
Total: 5.387195 ms (FindLiveObjects: 0.437345 ms CreateObjectMapping: 0.248304 ms MarkObjects: 4.535017 ms  DeleteObjects: 0.164874 ms)

AssetImportWorkerClient::OnTransportError - code=2 error=End of file
